<?xml version="1.0" encoding="UTF-8"?>
<testng-results skipped="0" failed="0" total="1" passed="1">
  <reporter-output>
  </reporter-output>
  <suite name="Default suite" duration-ms="3649" started-at="2022-04-11T11:39:02Z" finished-at="2022-04-11T11:39:06Z">
    <groups>
    </groups>
    <test name="Default test" duration-ms="3649" started-at="2022-04-11T11:39:02Z" finished-at="2022-04-11T11:39:06Z">
      <class name="Locaters.CountRadioButtons">
        <test-method status="PASS" signature="IdDemo()[pri:0, instance:Locaters.CountRadioButtons@3930015a]" name="IdDemo" duration-ms="3639" started-at="2022-04-11T17:09:02Z" finished-at="2022-04-11T17:09:06Z">
          <reporter-output>
          </reporter-output>
        </test-method> <!-- IdDemo -->
      </class> <!-- Locaters.CountRadioButtons -->
    </test> <!-- Default test -->
  </suite> <!-- Default suite -->
</testng-results>
